2011-12-24 04:42:03 Activity: Array
(
    [Product] => Array
        (
            [parent_id] => 
            [type] => him
            [reference_number] => couple
            [name] => COUPLE
            [description] => 
            [price] => 
            [tags] => 
            [featured] => 0
            [published] => 1
            [image] => Array
                (
                    [name] => ayam_masak_merah_thumb.jpg
                    [type] => image/jpeg
                    [tmp_name] => /tmp/phpkYyrN6
                    [error] => 0
                    [size] => 116877
                )

        )

)

2011-12-24 04:42:16 Activity: Array
(
    [Product] => Array
        (
            [parent_id] => 
            [type] => him
            [reference_number] => forher
            [name] => FOR HIM
            [description] => 
            [price] => 1
            [tags] => 
            [featured] => 0
            [published] => 1
            [image] => Array
                (
                    [name] => beef_satay_thumb.jpg
                    [type] => image/jpeg
                    [tmp_name] => /tmp/phpu6XbYQ
                    [error] => 0
                    [size] => 31831
                )

        )

)

2011-12-24 04:42:29 Activity: Array
(
    [Product] => Array
        (
            [parent_id] => 
            [type] => him
            [reference_number] => forhim
            [name] => FOR HER
            [description] => 
            [price] => 
            [tags] => 
            [featured] => 0
            [published] => 1
            [image] => Array
                (
                    [name] => mexican_coffee_buns_thumb.jpg
                    [type] => image/jpeg
                    [tmp_name] => /tmp/phpgJbdQc
                    [error] => 0
                    [size] => 24762
                )

        )

)

2011-12-24 05:29:30 Activity: Array
(
    [Product] => Array
        (
            [parent_id] => 1
            [name] => curry
            [description] => Lorem ipsum dolor sit amet, consectetur adipiscing elit. Suspendisse auctor lectus vitae urna volutpat vel accumsan metus blandit. Morbi ut sem enim, eu pellentesque eros. Vestibulum eleifend lobortis metus id dapibus. Nam nec metus ac enim ultrices consectetur nec nec turpis. Vestibulum dictum ullamcorper placerat. Integer viverra ullamcorper justo, eget luctus nibh lobortis non. Donec sit amet lorem a erat semper tincidunt. Ut feugiat massa vulputate orci dignissim ultricies. Cras odio elit, tempor sit amet posuere eget, egestas consequat sem. Quisque elementum malesuada laoreet. Mauris augue orci, vehicula id imperdiet nec, volutpat vitae turpis. Suspendisse lobortis, tortor vitae luctus porttitor, lectus neque laoreet eros, vel aliquam lacus risus eget justo. Integer viverra nisl eget est faucibus fermentum. Pellentesque habitant morbi tristique senectus et netus et malesuada fames ac turpis egestas.

Donec congue aliquet justo, vel ultrices tellus scelerisque vel. Fusce in sem purus. Quisque pulvinar elit sit amet leo vulputate aliquam. Praesent pulvinar, tortor sit amet gravida feugiat, neque lorem placerat tortor, in mollis nibh orci sit amet risus. Sed in tortor sapien. Ut ac lectus mauris, nec luctus metus. Aenean placerat sollicitudin lorem auctor gravida. Praesent at mi diam. Integer tristique turpis id enim blandit a mattis turpis faucibus.
            [price] => 0
            [tags] => curry
            [featured] => 0
            [published] => 1
        )

)

2011-12-27 08:28:37 Activity: Array
(
    [Product] => Array
        (
            [parent_id] => 
            [name] => FOR HIM
            [description] => 
            [price] => 0
            [tags] => 
            [featured] => 0
            [published] => 1
            [image] => Array
                (
                    [name] => spicy_honey_chicken__thumb.jpg
                    [type] => image/jpeg
                    [tmp_name] => /tmp/php74GGSu
                    [error] => 0
                    [size] => 39734
                )

        )

)

2011-12-27 15:28:13 Activity: Array
(
    [Product] => Array
        (
            [parent_id] => 1
            [name] => curry
            [description] => undefined
            [price] => 0
            [tags] => 
            [featured] => 1
            [published] => 1
        )

)

2011-12-27 15:28:24 Activity: Array
(
    [Product] => Array
        (
            [parent_id] => 1
            [name] => rendang
            [description] => undefined
            [price] => 0
            [tags] => 
            [featured] => 1
            [published] => 1
        )

)

2011-12-27 15:46:11 Activity: Array
(
    [Product] => Array
        (
            [parent_id] => 1
            [name] => bun
            [description] => undefined
            [price] => 0
            [tags] => 
            [featured] => 1
            [published] => 1
        )

)

2011-12-27 16:20:11 Activity: Array
(
    [Product] => Array
        (
            [parent_id] => 1
            [name] => satay
            [description] => Lorem Ipsum is simply dummy text of the printing and typesetting industry. Lorem Ipsum has been the industry's standard dummy text ever since the 1500s, when an unknown printer took a galley of type and scrambled it to make a type specimen book. It has survived not only five centuries, but also the leap into electronic typesetting, remaining essentially unchanged. It was popularised in the 1960s with the release of Letraset sheets containing Lorem Ipsum passages, and more recently with desktop publishing software like Aldus PageMaker including versions of Lorem Ipsum.
            [price] => 10.00
            [tags] => satay
            [featured] => 1
            [published] => 1
        )

)

2011-12-27 16:20:25 Activity: Array
(
    [Product] => Array
        (
            [parent_id] => 1
            [name] => curry
            [description] => Contrary to popular belief, Lorem Ipsum is not simply random text. It has roots in a piece of classical Latin literature from 45 BC, making it over 2000 years old. Richard McClintock, a Latin professor at Hampden-Sydney College in Virginia, looked up one of the more obscure Latin words, consectetur, from a Lorem Ipsum passage, and going through the cites of the word in classical literature, discovered the undoubtable source. Lorem Ipsum comes from sections 1.10.32 and 1.10.33 of "de Finibus Bonorum et Malorum" (The Extremes of Good and Evil) by Cicero, written in 45 BC. This book is a treatise on the theory of ethics, very popular during the Renaissance. The first line of Lorem Ipsum, "Lorem ipsum dolor sit amet..", comes from a line in section 1.10.32.
            [price] => 20.00
            [tags] => curry
            [featured] => 1
            [published] => 1
        )

)

2011-12-27 16:20:40 Activity: Array
(
    [Product] => Array
        (
            [parent_id] => 1
            [name] => rendang
            [description] => There are many variations of passages of Lorem Ipsum available, but the majority have suffered alteration in some form, by injected humour, or randomised words which don't look even slightly believable. If you are going to use a passage of Lorem Ipsum, you need to be sure there isn't anything embarrassing hidden in the middle of text. All the Lorem Ipsum generators on the Internet tend to repeat predefined chunks as necessary, making this the first true generator on the Internet. It uses a dictionary of over 200 Latin words, combined with a handful of model sentence structures, to generate Lorem Ipsum which looks reasonable. The generated Lorem Ipsum is therefore always free from repetition, injected humour, or non-characteristic words etc.
            [price] => 5.00
            [tags] => satay, rendang
            [featured] => 1
            [published] => 1
        )

)

2011-12-27 16:40:35 Activity: Array
(
    [Product] => Array
        (
            [parent_id] => 1
            [name] => rendang, him
            [description] => There are many variations of passages of Lorem Ipsum available, but the majority have suffered alteration in some form, by injected humour, or randomised words which don't look even slightly believable. If you are going to use a passage of Lorem Ipsum, you need to be sure there isn't anything embarrassing hidden in the middle of text. All the Lorem Ipsum generators on the Internet tend to repeat predefined chunks as necessary, making this the first true generator on the Internet. It uses a dictionary of over 200 Latin words, combined with a handful of model sentence structures, to generate Lorem Ipsum which looks reasonable. The generated Lorem Ipsum is therefore always free from repetition, injected humour, or non-characteristic words etc.
            [price] => 5.00
            [tags] => Satay, Rendang
            [featured] => 1
            [published] => 1
        )

)

2011-12-27 16:40:47 Activity: Array
(
    [Product] => Array
        (
            [parent_id] => 1
            [name] => rendang, him
            [description] => There are many variations of passages of Lorem Ipsum available, but the majority have suffered alteration in some form, by injected humour, or randomised words which don't look even slightly believable. If you are going to use a passage of Lorem Ipsum, you need to be sure there isn't anything embarrassing hidden in the middle of text. All the Lorem Ipsum generators on the Internet tend to repeat predefined chunks as necessary, making this the first true generator on the Internet. It uses a dictionary of over 200 Latin words, combined with a handful of model sentence structures, to generate Lorem Ipsum which looks reasonable. The generated Lorem Ipsum is therefore always free from repetition, injected humour, or non-characteristic words etc.
            [price] => 5.00
            [tags] => Satay, Rendang, him
            [featured] => 1
            [published] => 1
        )

)

2011-12-27 16:40:59 Activity: Array
(
    [Product] => Array
        (
            [parent_id] => 1
            [name] => curry
            [description] => Contrary to popular belief, Lorem Ipsum is not simply random text. It has roots in a piece of classical Latin literature from 45 BC, making it over 2000 years old. Richard McClintock, a Latin professor at Hampden-Sydney College in Virginia, looked up one of the more obscure Latin words, consectetur, from a Lorem Ipsum passage, and going through the cites of the word in classical literature, discovered the undoubtable source. Lorem Ipsum comes from sections 1.10.32 and 1.10.33 of "de Finibus Bonorum et Malorum" (The Extremes of Good and Evil) by Cicero, written in 45 BC. This book is a treatise on the theory of ethics, very popular during the Renaissance. The first line of Lorem Ipsum, "Lorem ipsum dolor sit amet..", comes from a line in section 1.10.32.
            [price] => 20.00
            [tags] => Curry, Him
            [featured] => 1
            [published] => 1
        )

)

2011-12-27 16:41:08 Activity: Array
(
    [Product] => Array
        (
            [parent_id] => 1
            [name] => satay
            [description] => Lorem Ipsum is simply dummy text of the printing and typesetting industry. Lorem Ipsum has been the industry's standard dummy text ever since the 1500s, when an unknown printer took a galley of type and scrambled it to make a type specimen book. It has survived not only five centuries, but also the leap into electronic typesetting, remaining essentially unchanged. It was popularised in the 1960s with the release of Letraset sheets containing Lorem Ipsum passages, and more recently with desktop publishing software like Aldus PageMaker including versions of Lorem Ipsum.
            [price] => 10.00
            [tags] => Satay, Him
            [featured] => 1
            [published] => 1
        )

)

2011-12-27 16:41:32 Activity: Array
(
    [Product] => Array
        (
            [parent_id] => 1
            [name] => bun
            [description] => It is a long established fact that a reader will be distracted by the readable content of a page when looking at its layout. The point of using Lorem Ipsum is that it has a more-or-less normal distribution of letters, as opposed to using 'Content here, content here', making it look like readable English. Many desktop publishing packages and web page editors now use Lorem Ipsum as their default model text, and a search for 'lorem ipsum' will uncover many web sites still in their infancy. Various versions have evolved over the years, sometimes by accident, sometimes on purpose (injected humour and the like).
            [price] => 50.00
            [tags] => Bun, Him
            [featured] => 1
            [published] => 1
        )

)

2011-12-27 17:04:49 Activity: Array
(
    [Product] => Array
        (
            [parent_id] => 1
            [name] => rendang
            [description] => There are many variations of passages of Lorem Ipsum available, but the majority have suffered alteration in some form, by injected humour, or randomised words which don't look even slightly believable. If you are going to use a passage of Lorem Ipsum, you need to be sure there isn't anything embarrassing hidden in the middle of text. All the Lorem Ipsum generators on the Internet tend to repeat predefined chunks as necessary, making this the first true generator on the Internet. It uses a dictionary of over 200 Latin words, combined with a handful of model sentence structures, to generate Lorem Ipsum which looks reasonable. The generated Lorem Ipsum is therefore always free from repetition, injected humour, or non-characteristic words etc.
            [price] => 5.00
            [tags] => Satay, Rendang, Him
            [featured] => 1
            [published] => 1
        )

)

2011-12-27 17:25:37 Activity: Array
(
    [Product] => Array
        (
            [parent_id] => 1
            [name] => bun
            [description] => It is a long established fact that a reader will be distracted by the readable content of a page when looking at its layout. The point of using Lorem Ipsum is that it has a more-or-less normal distribution of letters, as opposed to using 'Content here, content here', making it look like readable English. Many desktop publishing packages and web page editors now use Lorem Ipsum as their default model text, and a search for 'lorem ipsum' will uncover many web sites still in their infancy. Various versions have evolved over the years, sometimes by accident, sometimes on purpose (injected humour and the like).
            [price] => 50.00
            [tags] => him, bun
            [featured] => 1
            [published] => 1
        )

)

2011-12-27 17:25:48 Activity: Array
(
    [Product] => Array
        (
            [parent_id] => 1
            [name] => rendang
            [description] => There are many variations of passages of Lorem Ipsum available, but the majority have suffered alteration in some form, by injected humour, or randomised words which don't look even slightly believable. If you are going to use a passage of Lorem Ipsum, you need to be sure there isn't anything embarrassing hidden in the middle of text. All the Lorem Ipsum generators on the Internet tend to repeat predefined chunks as necessary, making this the first true generator on the Internet. It uses a dictionary of over 200 Latin words, combined with a handful of model sentence structures, to generate Lorem Ipsum which looks reasonable. The generated Lorem Ipsum is therefore always free from repetition, injected humour, or non-characteristic words etc.
            [price] => 5.00
            [tags] => him, rendang
            [featured] => 1
            [published] => 1
        )

)

2011-12-27 17:30:17 Activity: Array
(
    [Product] => Array
        (
            [parent_id] => 1
            [name] => angry
            [description] => There is a large group of developers with a background from other parts of the world that would like to work in Sweden, many of them have studied in Sweden and are currently applying for jobs in Sweden. Tactons systems is a leading international software company in the areas of product configuration and sales configuration. Together with Ants and Paragona, Tacton is looking to hire five system developers. This project is an attempt to overcome these barriers and supply Swedish companies with much sought after skilled developers and English speaking developers with exciting career opportunities that they otherwise would not have been able to pursue.
            [price] => 100.00
            [tags] => Angry, Sweden, Him
            [featured] => 0
            [published] => 1
        )

)

2011-12-27 18:10:57 Activity: Array
(
    [Product] => Array
        (
            [parent_id] => 1
            [name] => satay
            [description] => Lorem Ipsum is simply dummy text of the printing and typesetting industry. Lorem Ipsum has been the industry's standard dummy text ever since the 1500s, when an unknown printer took a galley of type and scrambled it to make a type specimen book. It has survived not only five centuries, but also the leap into electronic typesetting, remaining essentially unchanged. It was popularised in the 1960s with the release of Letraset sheets containing Lorem Ipsum passages, and more recently with desktop publishing software like Aldus PageMaker including versions of Lorem Ipsum.
            [price] => 20.00
            [tags] => 
            [featured] => 1
            [published] => 1
        )

)

2011-12-27 18:11:04 Activity: Array
(
    [Product] => Array
        (
            [parent_id] => 1
            [name] => satay
            [description] => Lorem Ipsum is simply dummy text of the printing and typesetting industry. Lorem Ipsum has been the industry's standard dummy text ever since the 1500s, when an unknown printer took a galley of type and scrambled it to make a type specimen book. It has survived not only five centuries, but also the leap into electronic typesetting, remaining essentially unchanged. It was popularised in the 1960s with the release of Letraset sheets containing Lorem Ipsum passages, and more recently with desktop publishing software like Aldus PageMaker including versions of Lorem Ipsum.
            [price] => 20.00
            [tags] => satay, him
            [featured] => 1
            [published] => 1
        )

)

2011-12-27 18:11:21 Activity: Array
(
    [Product] => Array
        (
            [parent_id] => 1
            [name] => bun
            [description] => There are many variations of passages of Lorem Ipsum available, but the majority have suffered alteration in some form, by injected humour, or randomised words which don't look even slightly believable. If you are going to use a passage of Lorem Ipsum, you need to be sure there isn't anything embarrassing hidden in the middle of text. All the Lorem Ipsum generators on the Internet tend to repeat predefined chunks as necessary, making this the first true generator on the Internet. It uses a dictionary of over 200 Latin words, combined with a handful of model sentence structures, to generate Lorem Ipsum which looks reasonable. The generated Lorem Ipsum is therefore always free from repetition, injected humour, or non-characteristic words etc.
            [price] => 40.00
            [tags] => bun, him
            [featured] => 1
            [published] => 1
        )

)

2011-12-27 18:11:36 Activity: Array
(
    [Product] => Array
        (
            [parent_id] => 1
            [name] => rendang
            [description] =>  is a long established fact that a reader will be distracted by the readable content of a page when looking at its layout. The point of using Lorem Ipsum is that it has a more-or-less normal distribution of letters, as opposed to using 'Content here, content here', making it look like readable English. Many desktop publishing packages and web page editors now use Lorem Ipsum as their default model text, and a search for 'lorem ipsum' will uncover many web sites still in their infancy. Various versions have evolved over the years, sometimes by accident, sometimes on purpose (injected humour and the like).
            [price] => 60.00
            [tags] => rendang, him
            [featured] => 1
            [published] => 1
        )

)

2011-12-27 18:11:47 Activity: Array
(
    [Product] => Array
        (
            [parent_id] => 1
            [name] => curry
            [description] => Contrary to popular belief, Lorem Ipsum is not simply random text. It has roots in a piece of classical Latin literature from 45 BC, making it over 2000 years old. Richard McClintock, a Latin professor at Hampden-Sydney College in Virginia, looked up one of the more obscure Latin words, consectetur, from a Lorem Ipsum passage, and going through the cites of the word in classical literature, discovered the undoubtable source. Lorem Ipsum comes from sections 1.10.32 and 1.10.33 of "de Finibus Bonorum et Malorum" (The Extremes of Good and Evil) by Cicero, written in 45 BC. This book is a treatise on the theory of ethics, very popular during the Renaissance. The first line of Lorem Ipsum, "Lorem ipsum dolor sit amet..", comes from a line in section 1.10.32.
            [price] => 100.00
            [tags] => him, curry
            [featured] => 1
            [published] => 1
        )

)

2011-12-27 18:18:34 Activity: Array
(
    [Product] => Array
        (
            [parent_id] => 1
            [name] => angry
            [description] => There are many variations of passages of Lorem Ipsum available, but the majority have suffered alteration in some form, by injected humour, or randomised words which don't look even slightly believable. If you are going to use a passage of Lorem Ipsum, you need to be sure there isn't anything embarrassing hidden in the middle of text. All the Lorem Ipsum generators on the Internet tend to repeat predefined chunks as necessary, making this the first true generator on the Internet. It uses a dictionary of over 200 Latin words, combined with a handful of model sentence structures, to generate Lorem Ipsum which looks reasonable. The generated Lorem Ipsum is therefore always free from repetition, injected humour, or non-characteristic words etc.
            [price] => 200.00
            [tags] => Angry, Him, Sweden
            [featured] => 0
            [published] => 1
        )

)

