2010-07-29 12:52:01 Notice: Notice (8): Undefined property: BlogsController::$Product in [APP/controllers/blogs_controller.php, line 47]
2010-12-21 09:30:47 Notice: Notice (8): Undefined variable: items in [APP/controllers/products_controller.php, line 217]
2010-12-21 09:30:53 Notice: Notice (8): Undefined variable: items in [APP/controllers/products_controller.php, line 217]
2010-12-21 09:31:15 Notice: Notice (8): Undefined index: Product in [APP/views/themed/sexshopsg/products/promotion.ctp, line 4]
2010-12-21 09:31:15 Notice: Notice (8): Undefined index: Product in [APP/views/themed/sexshopsg/products/promotion.ctp, line 5]
2010-12-21 09:31:15 Notice: Notice (8): Undefined index: Product in [APP/views/themed/sexshopsg/products/promotion.ctp, line 6]
2010-12-21 09:31:15 Notice: Notice (8): Undefined index: Image in [APP/views/themed/sexshopsg/products/promotion.ctp, line 11]
2010-12-21 09:31:24 Notice: Notice (8): Undefined variable: items in [APP/controllers/products_controller.php, line 217]
2010-12-21 09:33:26 Notice: Notice (8): Undefined index: Product in [APP/views/themed/sexshopsg/products/promotion.ctp, line 4]
2010-12-21 09:33:26 Notice: Notice (8): Undefined index: Product in [APP/views/themed/sexshopsg/products/promotion.ctp, line 5]
2010-12-21 09:33:26 Notice: Notice (8): Undefined index: Product in [APP/views/themed/sexshopsg/products/promotion.ctp, line 6]
2010-12-21 09:33:26 Notice: Notice (8): Undefined index: Image in [APP/views/themed/sexshopsg/products/promotion.ctp, line 11]
2010-12-21 09:37:11 Notice: Notice (8): Undefined index: Product in [APP/views/themed/sexshopsg/products/promotion.ctp, line 9]
2010-12-21 09:37:11 Notice: Notice (8): Undefined index: Product in [APP/views/themed/sexshopsg/products/promotion.ctp, line 10]
2010-12-21 09:37:11 Notice: Notice (8): Undefined index: Image in [APP/views/themed/sexshopsg/products/promotion.ctp, line 15]
2010-12-21 09:39:48 Notice: Notice (8): Undefined index: Product in [APP/views/themed/sexshopsg/products/promotion.ctp, line 5]
2010-12-21 09:39:48 Notice: Notice (8): Undefined index: Product in [APP/views/themed/sexshopsg/products/promotion.ctp, line 7]
2010-12-21 09:39:48 Notice: Notice (8): Undefined index: Product in [APP/views/themed/sexshopsg/products/promotion.ctp, line 8]
2010-12-21 09:39:48 Notice: Notice (8): Undefined index: Image in [APP/views/themed/sexshopsg/products/promotion.ctp, line 13]
2010-12-21 09:40:29 Notice: Notice (8): Undefined index: Product in [APP/views/themed/sexshopsg/products/promotion.ctp, line 5]
2010-12-21 09:40:29 Notice: Notice (8): Undefined index: Product in [APP/views/themed/sexshopsg/products/promotion.ctp, line 7]
2010-12-21 09:40:29 Notice: Notice (8): Undefined index: Product in [APP/views/themed/sexshopsg/products/promotion.ctp, line 8]
2010-12-21 09:40:29 Notice: Notice (8): Undefined index: Image in [APP/views/themed/sexshopsg/products/promotion.ctp, line 13]
2010-12-21 09:40:34 Notice: Notice (8): Undefined index: Product in [APP/views/themed/sexshopsg/products/promotion.ctp, line 5]
2010-12-21 09:40:34 Notice: Notice (8): Undefined index: Product in [APP/views/themed/sexshopsg/products/promotion.ctp, line 7]
2010-12-21 09:40:34 Notice: Notice (8): Undefined index: Product in [APP/views/themed/sexshopsg/products/promotion.ctp, line 8]
2010-12-21 09:40:34 Notice: Notice (8): Undefined index: Image in [APP/views/themed/sexshopsg/products/promotion.ctp, line 13]
2010-12-21 09:41:08 Notice: Notice (8): Undefined index: Product in [APP/views/themed/sexshopsg/products/promotion.ctp, line 5]
2010-12-21 09:41:08 Notice: Notice (8): Undefined index: Product in [APP/views/themed/sexshopsg/products/promotion.ctp, line 7]
2010-12-21 09:41:08 Notice: Notice (8): Undefined index: Product in [APP/views/themed/sexshopsg/products/promotion.ctp, line 8]
2010-12-21 09:41:08 Notice: Notice (8): Undefined index: Image in [APP/views/themed/sexshopsg/products/promotion.ctp, line 13]
2010-12-21 09:42:41 Notice: Notice (8): Undefined index: Product in [APP/views/themed/sexshopsg/products/promotion.ctp, line 5]
2010-12-21 09:42:41 Notice: Notice (8): Undefined index: Product in [APP/views/themed/sexshopsg/products/promotion.ctp, line 7]
2010-12-21 09:42:41 Notice: Notice (8): Undefined index: Product in [APP/views/themed/sexshopsg/products/promotion.ctp, line 8]
2010-12-21 09:42:41 Notice: Notice (8): Undefined index: Image in [APP/views/themed/sexshopsg/products/promotion.ctp, line 13]
2010-12-21 09:43:53 Notice: Notice (8): Undefined index: Product in [APP/views/themed/sexshopsg/products/promotion.ctp, line 5]
2010-12-21 09:43:53 Notice: Notice (8): Undefined index: Product in [APP/views/themed/sexshopsg/products/promotion.ctp, line 7]
2010-12-21 09:43:53 Notice: Notice (8): Undefined index: Product in [APP/views/themed/sexshopsg/products/promotion.ctp, line 8]
2010-12-21 09:43:53 Notice: Notice (8): Undefined index: Image in [APP/views/themed/sexshopsg/products/promotion.ctp, line 13]
2010-12-21 09:44:02 Notice: Notice (8): Undefined index: Product in [APP/views/themed/sexshopsg/products/promotion.ctp, line 5]
2010-12-21 09:44:02 Notice: Notice (8): Undefined index: Product in [APP/views/themed/sexshopsg/products/promotion.ctp, line 7]
2010-12-21 09:44:02 Notice: Notice (8): Undefined index: Product in [APP/views/themed/sexshopsg/products/promotion.ctp, line 8]
2010-12-21 09:44:02 Notice: Notice (8): Undefined index: Image in [APP/views/themed/sexshopsg/products/promotion.ctp, line 13]
2010-12-21 09:44:11 Notice: Notice (8): Undefined index: Image in [APP/views/themed/sexshopsg/products/promotion.ctp, line 13]
2010-12-21 09:45:49 Notice: Notice (8): Undefined variable: items in [APP/controllers/products_controller.php, line 228]
2010-12-21 09:46:48 Notice: Notice (8): Undefined variable: items in [APP/controllers/products_controller.php, line 228]
2010-12-21 09:48:54 Notice: Notice (8): Undefined variable: items in [APP/controllers/products_controller.php, line 228]
2010-12-21 09:48:56 Notice: Notice (8): Undefined variable: items in [APP/controllers/products_controller.php, line 228]
2010-12-21 09:50:53 Notice: Notice (8): Undefined variable: items in [APP/controllers/products_controller.php, line 228]
2011-10-20 18:44:05 Notice: Notice (8): Undefined variable: items in [APP/controllers/products_controller.php, line 228]
2011-10-20 18:44:06 Notice: Notice (8): Undefined variable: items in [APP/controllers/products_controller.php, line 228]
2011-12-24 02:48:30 Notice: Notice (8): Undefined variable: items in [APP/controllers/products_controller.php, line 228]
2011-12-24 02:48:31 Notice: Notice (8): Undefined variable: items in [APP/controllers/products_controller.php, line 228]
2011-12-24 02:48:41 Notice: Notice (8): Undefined variable: items in [APP/controllers/products_controller.php, line 228]
2011-12-24 02:48:44 Notice: Notice (8): Undefined variable: items in [APP/controllers/products_controller.php, line 228]
2011-12-24 02:48:49 Notice: Notice (8): Undefined variable: items in [APP/controllers/products_controller.php, line 228]
2011-12-24 03:00:05 Notice: Notice (8): Undefined index: tags in [APP/models/behaviors/tag.php, line 53]
2011-12-24 03:00:12 Notice: Notice (8): Undefined variable: items in [APP/controllers/products_controller.php, line 228]
2011-12-24 03:00:48 Notice: Notice (8): Undefined variable: items in [APP/controllers/products_controller.php, line 228]
2011-12-24 03:00:55 Notice: Notice (8): Undefined index: tags in [APP/models/behaviors/tag.php, line 53]
2011-12-24 03:02:15 Notice: Notice (8): Undefined variable: items in [APP/controllers/products_controller.php, line 228]
2011-12-24 03:02:20 Notice: Notice (8): Undefined index: tags in [APP/models/behaviors/tag.php, line 53]
2011-12-24 03:02:35 Notice: Notice (8): Undefined variable: items in [APP/controllers/products_controller.php, line 228]
2011-12-24 03:03:35 Notice: Notice (8): Undefined index: tags in [APP/models/behaviors/tag.php, line 53]
2011-12-24 03:06:42 Notice: Notice (8): Undefined variable: items in [APP/controllers/products_controller.php, line 228]
2011-12-24 03:06:52 Notice: Notice (8): Undefined index: tags in [APP/models/behaviors/tag.php, line 53]
2011-12-24 03:06:57 Notice: Notice (8): Undefined variable: items in [APP/controllers/products_controller.php, line 228]
2011-12-24 04:21:56 Notice: Notice (8): Undefined variable: items in [APP/controllers/products_controller.php, line 228]
2011-12-24 04:22:34 Notice: Notice (8): Undefined variable: items in [APP/controllers/products_controller.php, line 228]
2011-12-24 04:23:00 Notice: Notice (8): Undefined variable: items in [APP/controllers/products_controller.php, line 228]
2011-12-24 04:23:37 Notice: Notice (8): Undefined variable: items in [APP/controllers/products_controller.php, line 228]
2011-12-24 04:25:01 Notice: Notice (8): Undefined variable: items in [APP/controllers/products_controller.php, line 228]
2011-12-24 04:25:04 Notice: Notice (8): Undefined variable: items in [APP/controllers/products_controller.php, line 228]
2011-12-24 04:26:35 Notice: Notice (8): Undefined variable: items in [APP/controllers/products_controller.php, line 228]
2011-12-24 04:26:49 Notice: Notice (8): Undefined variable: items in [APP/controllers/products_controller.php, line 228]
2011-12-24 04:27:57 Notice: Notice (8): Undefined variable: items in [APP/controllers/products_controller.php, line 228]
2011-12-24 04:28:00 Notice: Notice (8): Undefined variable: items in [APP/controllers/products_controller.php, line 228]
2011-12-24 04:28:01 Notice: Notice (8): Undefined variable: items in [APP/controllers/products_controller.php, line 228]
2011-12-24 04:28:59 Notice: Notice (8): Undefined variable: items in [APP/controllers/products_controller.php, line 228]
2011-12-24 04:29:01 Notice: Notice (8): Undefined variable: items in [APP/controllers/products_controller.php, line 228]
2011-12-24 04:29:18 Notice: Notice (8): Undefined variable: items in [APP/controllers/products_controller.php, line 228]
2011-12-24 04:29:20 Notice: Notice (8): Undefined variable: items in [APP/controllers/products_controller.php, line 228]
2011-12-24 04:29:21 Notice: Notice (8): Undefined variable: items in [APP/controllers/products_controller.php, line 228]
2011-12-24 04:29:23 Notice: Notice (8): Undefined variable: items in [APP/controllers/products_controller.php, line 228]
2011-12-24 04:29:28 Notice: Notice (8): Undefined variable: items in [APP/controllers/products_controller.php, line 228]
2011-12-24 04:29:34 Notice: Notice (8): Undefined variable: items in [APP/controllers/products_controller.php, line 228]
2011-12-24 04:31:08 Notice: Notice (8): Undefined variable: items in [APP/controllers/products_controller.php, line 228]
2011-12-24 04:31:32 Notice: Notice (8): Undefined variable: items in [APP/controllers/products_controller.php, line 228]
2011-12-24 04:32:05 Notice: Notice (8): Undefined variable: items in [APP/controllers/products_controller.php, line 228]
2011-12-24 04:33:13 Notice: Notice (8): Undefined variable: items in [APP/controllers/products_controller.php, line 228]
2011-12-24 04:34:10 Notice: Notice (8): Undefined variable: items in [APP/controllers/products_controller.php, line 228]
2011-12-24 04:36:12 Notice: Notice (8): Undefined variable: items in [APP/controllers/products_controller.php, line 228]
2011-12-24 04:39:01 Notice: Notice (8): Undefined variable: items in [APP/controllers/products_controller.php, line 228]
2011-12-24 04:39:04 Notice: Notice (8): Undefined variable: items in [APP/controllers/products_controller.php, line 228]
2011-12-24 04:39:06 Notice: Notice (8): Undefined variable: items in [APP/controllers/products_controller.php, line 228]
2011-12-24 04:40:05 Notice: Notice (8): Undefined variable: items in [APP/controllers/products_controller.php, line 228]
2011-12-24 04:40:37 Notice: Notice (8): Undefined variable: items in [APP/controllers/products_controller.php, line 228]
2011-12-24 04:40:48 Notice: Notice (8): Undefined variable: items in [APP/controllers/products_controller.php, line 228]
2011-12-24 04:40:50 Notice: Notice (8): Undefined variable: items in [APP/controllers/products_controller.php, line 228]
2011-12-24 04:40:52 Notice: Notice (8): Undefined variable: items in [APP/controllers/products_controller.php, line 228]
2011-12-24 04:41:43 Notice: Notice (8): Undefined index: tags in [APP/models/behaviors/tag.php, line 53]
2011-12-24 04:41:46 Notice: Notice (8): Undefined variable: items in [APP/controllers/products_controller.php, line 228]
2011-12-24 04:42:03 Notice: Notice (8): Undefined index: tags in [APP/models/behaviors/tag.php, line 53]
2011-12-24 04:42:08 Notice: Notice (8): Undefined variable: items in [APP/controllers/products_controller.php, line 228]
2011-12-24 04:42:16 Notice: Notice (8): Undefined index: tags in [APP/models/behaviors/tag.php, line 53]
2011-12-24 04:42:20 Notice: Notice (8): Undefined variable: items in [APP/controllers/products_controller.php, line 228]
2011-12-24 04:42:29 Notice: Notice (8): Undefined index: tags in [APP/models/behaviors/tag.php, line 53]
2011-12-24 04:42:31 Notice: Notice (8): Undefined variable: items in [APP/controllers/products_controller.php, line 228]
2011-12-24 04:42:37 Notice: Notice (8): Undefined variable: items in [APP/controllers/products_controller.php, line 228]
2011-12-24 04:42:47 Notice: Notice (8): Undefined variable: items in [APP/controllers/products_controller.php, line 228]
2011-12-24 04:42:49 Notice: Notice (8): Undefined variable: items in [APP/controllers/products_controller.php, line 228]
2011-12-24 04:42:57 Notice: Notice (8): Undefined variable: items in [APP/controllers/products_controller.php, line 228]
2011-12-24 04:43:14 Notice: Notice (8): Undefined variable: items in [APP/controllers/products_controller.php, line 228]
2011-12-24 04:43:21 Notice: Notice (8): Undefined index: tags in [APP/models/behaviors/tag.php, line 53]
2011-12-24 05:31:00 Notice: Notice (8): Undefined property: ThemeView::$Text in [APP/views/themed/default/products/admin_index.ctp, line 44]
2011-12-24 05:31:31 Notice: Notice (8): Undefined property: ThemeView::$Text in [APP/views/themed/default/products/admin_index.ctp, line 44]
2011-12-24 05:32:11 Notice: Notice (8): Undefined property: ThemeView::$Text in [APP/views/themed/default/products/admin_index.ctp, line 44]
2011-12-24 05:40:01 Notice: Notice (8): Undefined property: ThemeView::$Text in [APP/views/themed/default/products/admin_index.ctp, line 44]
2011-12-24 05:40:03 Notice: Notice (8): Undefined property: ThemeView::$Text in [APP/views/themed/default/products/admin_index.ctp, line 44]
2011-12-24 06:12:45 Notice: Notice (8): Undefined property: ThemeView::$Text in [APP/views/themed/default/products/admin_index.ctp, line 44]
2011-12-24 10:59:26 Notice: Notice (8): Undefined property: ThemeView::$Text in [APP/views/themed/default/products/admin_index.ctp, line 44]
2011-12-24 11:04:51 Notice: Notice (8): Undefined variable: items in [APP/controllers/products_controller.php, line 228]
2011-12-24 11:04:58 Notice: Notice (8): Undefined variable: items in [APP/controllers/products_controller.php, line 228]
2011-12-24 11:05:00 Notice: Notice (8): Undefined variable: items in [APP/controllers/products_controller.php, line 228]
2011-12-24 11:05:01 Notice: Notice (8): Undefined variable: items in [APP/controllers/products_controller.php, line 228]
2011-12-27 08:24:19 Notice: Notice (8): Undefined variable: items in [APP/controllers/products_controller.php, line 228]
2011-12-27 08:28:07 Notice: Notice (8): Undefined index: tags in [APP/models/behaviors/tag.php, line 53]
2011-12-27 08:28:28 Notice: Notice (8): Undefined index: tags in [APP/models/behaviors/tag.php, line 53]
2011-12-27 08:28:37 Notice: Notice (8): Undefined index: tags in [APP/models/behaviors/tag.php, line 53]
2011-12-27 11:36:56 Notice: Notice (8): Undefined property: ThemeView::$Html in [APP/views/themed/default/layouts/default.ctp, line 56]
2011-12-27 15:27:26 Notice: Notice (8): Undefined variable: items in [APP/controllers/products_controller.php, line 228]
2011-12-27 15:27:35 Notice: Notice (8): Undefined index: tags in [APP/models/behaviors/tag.php, line 53]
2011-12-27 17:00:51 Notice: Notice (8): Undefined index: reference_number in [APP/views/themed/default/products/promotion.ctp, line 15]
2011-12-27 17:26:27 Notice: Notice (8): Undefined variable: paginator in [APP/views/themed/default/products/search.ctp, line 6]
2011-12-27 17:30:09 Notice: Notice (8): Undefined index: tags in [APP/models/behaviors/tag.php, line 53]
2011-12-27 17:45:02 Notice: Notice (8): Undefined variable: unit in [APP/views/themed/default/products/sidenav.ctp, line 8]
2011-12-27 17:45:02 Notice: Notice (8): Undefined index: Product in [APP/views/themed/default/products/sidenav.ctp, line 8]
2011-12-27 17:45:23 Notice: Notice (8): Undefined index: Product in [APP/views/themed/default/products/sidenav.ctp, line 8]
2011-12-27 17:45:42 Notice: Notice (8): Undefined index: Product in [APP/views/themed/default/products/sidenav.ctp, line 9]
2011-12-27 17:45:51 Notice: Notice (8): Undefined index: Product in [APP/views/themed/default/products/sidenav.ctp, line 9]
2011-12-27 17:55:36 Notice: Notice (8): Undefined variable: name in [APP/controllers/products_controller.php, line 66]
2011-12-27 17:55:36 Notice: Notice (8): Undefined index: totalchildren in [APP/views/themed/default/products/index.ctp, line 30]
2011-12-27 17:55:50 Notice: Notice (8): Undefined index: totalchildren in [APP/views/themed/default/products/index.ctp, line 30]
2011-12-27 17:55:53 Notice: Notice (8): Undefined index: totalchildren in [APP/views/themed/default/products/index.ctp, line 30]
2011-12-27 17:57:54 Notice: Notice (8): Undefined index: totalchildren in [APP/views/themed/default/products/index.ctp, line 31]
2011-12-27 17:58:23 Notice: Notice (8): Undefined index: totalchildren in [APP/views/themed/default/products/index.ctp, line 30]
2011-12-27 17:59:14 Notice: Notice (8): Undefined variable: items in [APP/controllers/products_controller.php, line 243]
2011-12-27 18:05:43 Notice: Notice (8): Undefined variable: items in [APP/controllers/products_controller.php, line 219]
2011-12-27 18:06:11 Notice: Notice (8): Undefined index: tags in [APP/models/behaviors/tag.php, line 53]
2011-12-27 18:06:13 Notice: Notice (8): Undefined variable: items in [APP/controllers/products_controller.php, line 219]
2011-12-27 18:07:07 Notice: Notice (8): Undefined index: tags in [APP/models/behaviors/tag.php, line 53]
2011-12-27 18:07:20 Notice: Notice (8): Undefined variable: items in [APP/controllers/products_controller.php, line 219]
2011-12-27 18:08:49 Notice: Notice (8): Undefined variable: items in [APP/controllers/products_controller.php, line 219]
2011-12-27 18:09:19 Notice: Notice (8): Undefined index: tags in [APP/models/behaviors/tag.php, line 53]
2011-12-27 18:09:23 Notice: Notice (8): Undefined variable: items in [APP/controllers/products_controller.php, line 219]
2011-12-27 18:09:28 Notice: Notice (8): Undefined index: tags in [APP/models/behaviors/tag.php, line 53]
2011-12-27 18:18:26 Notice: Notice (8): Undefined index: tags in [APP/models/behaviors/tag.php, line 53]
2011-12-27 18:39:12 Notice: Notice (8): Undefined variable: paginator in [APP/views/themed/default/products/search.ctp, line 6]
2011-12-27 18:39:15 Notice: Notice (8): Undefined variable: paginator in [APP/views/themed/default/products/search.ctp, line 6]
2011-12-27 22:15:38 Notice: Notice (8): Undefined index: confirm in [APP/controllers/users_controller.php, line 36]
2011-12-27 22:33:25 Notice: Notice (8): Use of undefined constant ‘User’ - assumed '‘User’' in [APP/controllers/users_controller.php, line 50]
2011-12-27 22:33:25 Notice: Notice (8): Use of undefined constant ‘password’ - assumed '‘password’' in [APP/controllers/users_controller.php, line 50]
2011-12-28 00:08:10 Notice: Notice (8): Undefined property: ThemeView::$Form in [APP/views/themed/default/users/forgotpassword.ctp, line 5]
2011-12-28 11:02:20 Notice: Notice (8): Undefined index: testname in [APP/views/helpers/abtest.php, line 26]
2011-12-28 11:02:20 Notice: Notice (8): Undefined index: testname in [APP/views/helpers/abtest.php, line 27]
2011-12-28 11:02:47 Notice: Notice (8): Undefined index: Signup in [APP/views/helpers/abtest.php, line 26]
2011-12-28 11:02:47 Notice: Notice (8): Undefined index: Signup in [APP/views/helpers/abtest.php, line 27]
2011-12-28 11:03:39 Notice: Notice (8): Undefined index: Signup in [APP/views/helpers/abtest.php, line 26]
2011-12-28 11:03:39 Notice: Notice (8): Undefined index: Signup in [APP/views/helpers/abtest.php, line 27]
2011-12-28 11:03:51 Notice: Notice (8): Undefined index: Signup in [APP/views/helpers/abtest.php, line 26]
2011-12-28 11:03:51 Notice: Notice (8): Undefined index: Signup in [APP/views/helpers/abtest.php, line 27]
2011-12-28 11:04:58 Notice: Notice (8): Undefined index: Signup in [APP/views/helpers/abtest.php, line 26]
2011-12-28 11:04:58 Notice: Notice (8): Undefined index: Signup in [APP/views/helpers/abtest.php, line 27]
2011-12-28 11:09:08 Notice: Notice (8): Undefined index: Signup in [APP/views/helpers/abtest.php, line 26]
2011-12-28 11:09:08 Notice: Notice (8): Undefined index: Signup in [APP/views/helpers/abtest.php, line 27]
2011-12-28 14:22:57 Notice: Notice (8): Undefined variable: javascript in [APP/views/layouts/default.ctp, line 39]
2011-12-28 14:23:32 Notice: Notice (8): Undefined variable: javascript in [APP/views/layouts/default.ctp, line 39]
2011-12-28 14:47:57 Notice: Notice (8): Undefined variable: abtest in [APP/views/themed/default/users/register.ctp, line 3]
